2026-05-30T04:59:22.800Z [[31merror[39m]: [31mRedis error: read ECONNRESET[39m {"errno":-4077,"code":"ECONNRESET","syscall":"read","stack":"Error: read ECONNRESET\n    at TCP.onStreamRead (node:internal/stream_base_commons:216:20)"}
2026-05-30T04:59:22.856Z [[31merror[39m]: [31mRedis error:[39m {"code":"ECONNREFUSED","stack":"AggregateError [ECONNREFUSED]: \n    at internalConnectMultiple (node:net:1193:18)\n    at afterConnectMultiple (node:net:1783:7)"}
2026-05-30T04:59:22.962Z [[31merror[39m]: [31mRedis error:[39m {"code":"ECONNREFUSED","stack":"AggregateError [ECONNREFUSED]: \n    at internalConnectMultiple (node:net:1193:18)\n    at afterConnectMultiple (node:net:1783:7)"}
2026-05-30T04:59:23.119Z [[31merror[39m]: [31mRedis error:[39m {"code":"ECONNREFUSED","stack":"AggregateError [ECONNREFUSED]: \n    at internalConnectMultiple (node:net:1193:18)\n    at afterConnectMultiple (node:net:1783:7)"}
2026-05-30T04:59:23.327Z [[31merror[39m]: [31mRedis error:[39m {"code":"ECONNREFUSED","stack":"AggregateError [ECONNREFUSED]: \n    at internalConnectMultiple (node:net:1193:18)\n    at afterConnectMultiple (node:net:1783:7)"}
2026-05-30T04:59:23.586Z [[31merror[39m]: [31mRedis error:[39m {"code":"ECONNREFUSED","stack":"AggregateError [ECONNREFUSED]: \n    at internalConnectMultiple (node:net:1193:18)\n    at afterConnectMultiple (node:net:1783:7)"}
2026-05-30T04:59:23.896Z [[31merror[39m]: [31mRedis error:[39m {"code":"ECONNREFUSED","stack":"AggregateError [ECONNREFUSED]: \n    at internalConnectMultiple (node:net:1193:18)\n    at afterConnectMultiple (node:net:1783:7)"}
2026-05-30T04:59:24.253Z [[31merror[39m]: [31mRedis error:[39m {"code":"ECONNREFUSED","stack":"AggregateError [ECONNREFUSED]: \n    at internalConnectMultiple (node:net:1193:18)\n    at afterConnectMultiple (node:net:1783:7)"}
2026-05-30T04:59:24.660Z [[31merror[39m]: [31mRedis error:[39m {"code":"ECONNREFUSED","stack":"AggregateError [ECONNREFUSED]: \n    at internalConnectMultiple (node:net:1193:18)\n    at afterConnectMultiple (node:net:1783:7)"}
2026-05-30T04:59:25.113Z [[31merror[39m]: [31mRedis error:[39m {"code":"ECONNREFUSED","stack":"AggregateError [ECONNREFUSED]: \n    at internalConnectMultiple (node:net:1193:18)\n    at afterConnectMultiple (node:net:1783:7)"}
2026-05-30T04:59:25.646Z [[31merror[39m]: [31mRedis error:[39m {"code":"ECONNREFUSED","stack":"AggregateError [ECONNREFUSED]: \n    at internalConnectMultiple (node:net:1193:18)\n    at afterConnectMultiple (node:net:1783:7)"}
2026-05-30T04:59:26.263Z [[31merror[39m]: [31mRedis error:[39m {"code":"ECONNREFUSED","stack":"AggregateError [ECONNREFUSED]: \n    at internalConnectMultiple (node:net:1193:18)\n    at afterConnectMultiple (node:net:1783:7)"}
2026-05-30T04:59:26.890Z [[31merror[39m]: [31mRedis error:[39m {"code":"ECONNREFUSED","stack":"AggregateError [ECONNREFUSED]: \n    at internalConnectMultiple (node:net:1193:18)\n    at afterConnectMultiple (node:net:1783:7)"}
2026-05-30T04:59:27.549Z [[31merror[39m]: [31mRedis error:[39m {"code":"ECONNREFUSED","stack":"AggregateError [ECONNREFUSED]: \n    at internalConnectMultiple (node:net:1193:18)\n    at afterConnectMultiple (node:net:1783:7)"}
2026-05-30T04:59:28.260Z [[31merror[39m]: [31mRedis error:[39m {"code":"ECONNREFUSED","stack":"AggregateError [ECONNREFUSED]: \n    at internalConnectMultiple (node:net:1193:18)\n    at afterConnectMultiple (node:net:1783:7)"}
2026-05-30T04:59:29.024Z [[31merror[39m]: [31mRedis error:[39m {"code":"ECONNREFUSED","stack":"AggregateError [ECONNREFUSED]: \n    at internalConnectMultiple (node:net:1193:18)\n    at afterConnectMultiple (node:net:1783:7)"}
2026-05-30T04:59:29.835Z [[31merror[39m]: [31mRedis error:[39m {"code":"ECONNREFUSED","stack":"AggregateError [ECONNREFUSED]: \n    at internalConnectMultiple (node:net:1193:18)\n    at afterConnectMultiple (node:net:1783:7)"}
2026-05-30T04:59:30.697Z [[31merror[39m]: [31mRedis error:[39m {"code":"ECONNREFUSED","stack":"AggregateError [ECONNREFUSED]: \n    at internalConnectMultiple (node:net:1193:18)\n    at afterConnectMultiple (node:net:1783:7)"}
2026-05-30T04:59:31.614Z [[31merror[39m]: [31mRedis error:[39m {"code":"ECONNREFUSED","stack":"AggregateError [ECONNREFUSED]: \n    at internalConnectMultiple (node:net:1193:18)\n    at afterConnectMultiple (node:net:1783:7)"}
2026-05-30T04:59:32.634Z [[31merror[39m]: [31mRedis error:[39m {"code":"ECONNREFUSED","stack":"AggregateError [ECONNREFUSED]: \n    at internalConnectMultiple (node:net:1193:18)\n    at afterConnectMultiple (node:net:1783:7)"}
2026-05-30T04:59:33.697Z [[31merror[39m]: [31mRedis error:[39m {"code":"ECONNREFUSED","stack":"AggregateError [ECONNREFUSED]: \n    at internalConnectMultiple (node:net:1193:18)\n    at afterConnectMultiple (node:net:1783:7)"}
2026-05-30T04:59:34.786Z [[31merror[39m]: [31mRedis error:[39m {"code":"ECONNREFUSED","stack":"AggregateError [ECONNREFUSED]: \n    at internalConnectMultiple (node:net:1193:18)\n    at afterConnectMultiple (node:net:1783:7)"}
2026-05-30T04:59:35.893Z [[31merror[39m]: [31mRedis error:[39m {"code":"ECONNREFUSED","stack":"AggregateError [ECONNREFUSED]: \n    at internalConnectMultiple (node:net:1193:18)\n    at afterConnectMultiple (node:net:1783:7)"}
2026-05-30T04:59:37.064Z [[31merror[39m]: [31mRedis error:[39m {"code":"ECONNREFUSED","stack":"AggregateError [ECONNREFUSED]: \n    at internalConnectMultiple (node:net:1193:18)\n    at afterConnectMultiple (node:net:1783:7)"}
2026-05-30T04:59:38.271Z [[31merror[39m]: [31mRedis error:[39m {"code":"ECONNREFUSED","stack":"AggregateError [ECONNREFUSED]: \n    at internalConnectMultiple (node:net:1193:18)\n    at afterConnectMultiple (node:net:1783:7)"}
2026-05-30T04:59:39.659Z [[31merror[39m]: [31mRedis error:[39m {"code":"ECONNREFUSED","stack":"AggregateError [ECONNREFUSED]: \n    at internalConnectMultiple (node:net:1193:18)\n    at afterConnectMultiple (node:net:1783:7)"}
2026-05-30T04:59:41.049Z [[31merror[39m]: [31mRedis error:[39m {"code":"ECONNREFUSED","stack":"AggregateError [ECONNREFUSED]: \n    at internalConnectMultiple (node:net:1193:18)\n    at afterConnectMultiple (node:net:1783:7)"}
2026-05-30T04:59:42.407Z [[31merror[39m]: [31mRedis error:[39m {"code":"ECONNREFUSED","stack":"AggregateError [ECONNREFUSED]: \n    at internalConnectMultiple (node:net:1193:18)\n    at afterConnectMultiple (node:net:1783:7)"}
2026-05-30T04:59:43.812Z [[31merror[39m]: [31mRedis error:[39m {"code":"ECONNREFUSED","stack":"AggregateError [ECONNREFUSED]: \n    at internalConnectMultiple (node:net:1193:18)\n    at afterConnectMultiple (node:net:1783:7)"}
2026-05-30T04:59:45.264Z [[31merror[39m]: [31mRedis error:[39m {"code":"ECONNREFUSED","stack":"AggregateError [ECONNREFUSED]: \n    at internalConnectMultiple (node:net:1193:18)\n    at afterConnectMultiple (node:net:1783:7)"}
2026-05-30T04:59:46.778Z [[31merror[39m]: [31mRedis error:[39m {"code":"ECONNREFUSED","stack":"AggregateError [ECONNREFUSED]: \n    at internalConnectMultiple (node:net:1193:18)\n    at afterConnectMultiple (node:net:1783:7)"}
2026-05-30T04:59:48.337Z [[31merror[39m]: [31mRedis error:[39m {"code":"ECONNREFUSED","stack":"AggregateError [ECONNREFUSED]: \n    at internalConnectMultiple (node:net:1193:18)\n    at afterConnectMultiple (node:net:1783:7)"}
2026-05-30T04:59:49.953Z [[31merror[39m]: [31mRedis error:[39m {"code":"ECONNREFUSED","stack":"AggregateError [ECONNREFUSED]: \n    at internalConnectMultiple (node:net:1193:18)\n    at afterConnectMultiple (node:net:1783:7)"}
2026-05-30T04:59:51.611Z [[31merror[39m]: [31mRedis error:[39m {"code":"ECONNREFUSED","stack":"AggregateError [ECONNREFUSED]: \n    at internalConnectMultiple (node:net:1193:18)\n    at afterConnectMultiple (node:net:1783:7)"}
2026-05-30T04:59:53.335Z [[31merror[39m]: [31mRedis error:[39m {"code":"ECONNREFUSED","stack":"AggregateError [ECONNREFUSED]: \n    at internalConnectMultiple (node:net:1193:18)\n    at afterConnectMultiple (node:net:1783:7)"}
2026-05-30T04:59:55.097Z [[31merror[39m]: [31mRedis error:[39m {"code":"ECONNREFUSED","stack":"AggregateError [ECONNREFUSED]: \n    at internalConnectMultiple (node:net:1193:18)\n    at afterConnectMultiple (node:net:1783:7)"}
2026-05-30T04:59:56.907Z [[31merror[39m]: [31mRedis error:[39m {"code":"ECONNREFUSED","stack":"AggregateError [ECONNREFUSED]: \n    at internalConnectMultiple (node:net:1193:18)\n    at afterConnectMultiple (node:net:1783:7)"}
2026-05-30T04:59:57.598Z [[31merror[39m]: [31m{[39m
[31m  err: AggregateError [ECONNREFUSED]: [39m
[31m      at F:\library-devops\backend\node_modules\pg-pool\index.js:45:11[39m
[31m      at process.processTicksAndRejections (node:internal/process/task_queues:104:5)[39m
[31m      at async query (F:\library-devops\backend\src\config\database.js:74:18)[39m
[31m      at async exports.login (F:\library-devops\backend\src\controllers\auth.controller.js:60:20) {[39m
[31m    code: 'ECONNREFUSED',[39m
[31m    [errors]: [ [Error], [Error] ][39m
[31m  },[39m
[31m  url: '/api/v1/auth/login',[39m
[31m  method: 'POST'[39m
[31m}[39m 
2026-05-30T04:59:58.763Z [[31merror[39m]: [31mRedis error:[39m {"code":"ECONNREFUSED","stack":"AggregateError [ECONNREFUSED]: \n    at internalConnectMultiple (node:net:1193:18)\n    at afterConnectMultiple (node:net:1783:7)"}
2026-05-30T04:59:59.481Z [[31merror[39m]: [31m{[39m
[31m  err: AggregateError [ECONNREFUSED]: [39m
[31m      at F:\library-devops\backend\node_modules\pg-pool\index.js:45:11[39m
[31m      at process.processTicksAndRejections (node:internal/process/task_queues:104:5)[39m
[31m      at async query (F:\library-devops\backend\src\config\database.js:74:18)[39m
[31m      at async exports.login (F:\library-devops\backend\src\controllers\auth.controller.js:60:20) {[39m
[31m    code: 'ECONNREFUSED',[39m
[31m    [errors]: [ [Error], [Error] ][39m
[31m  },[39m
[31m  url: '/api/v1/auth/login',[39m
[31m  method: 'POST'[39m
[31m}[39m 
2026-05-30T04:59:59.793Z [[31merror[39m]: [31m{[39m
[31m  err: AggregateError [ECONNREFUSED]: [39m
[31m      at F:\library-devops\backend\node_modules\pg-pool\index.js:45:11[39m
[31m      at process.processTicksAndRejections (node:internal/process/task_queues:104:5)[39m
[31m      at async query (F:\library-devops\backend\src\config\database.js:74:18)[39m
[31m      at async exports.login (F:\library-devops\backend\src\controllers\auth.controller.js:60:20) {[39m
[31m    code: 'ECONNREFUSED',[39m
[31m    [errors]: [ [Error], [Error] ][39m
[31m  },[39m
[31m  url: '/api/v1/auth/login',[39m
[31m  method: 'POST'[39m
[31m}[39m 
2026-05-30T05:00:00.018Z [[31merror[39m]: [31m{[39m
[31m  err: AggregateError [ECONNREFUSED]: [39m
[31m      at F:\library-devops\backend\node_modules\pg-pool\index.js:45:11[39m
[31m      at process.processTicksAndRejections (node:internal/process/task_queues:104:5)[39m
[31m      at async query (F:\library-devops\backend\src\config\database.js:74:18)[39m
[31m      at async exports.login (F:\library-devops\backend\src\controllers\auth.controller.js:60:20) {[39m
[31m    code: 'ECONNREFUSED',[39m
[31m    [errors]: [ [Error], [Error] ][39m
[31m  },[39m
[31m  url: '/api/v1/auth/login',[39m
[31m  method: 'POST'[39m
[31m}[39m 
2026-05-30T05:00:00.239Z [[31merror[39m]: [31m{[39m
[31m  err: AggregateError [ECONNREFUSED]: [39m
[31m      at F:\library-devops\backend\node_modules\pg-pool\index.js:45:11[39m
[31m      at process.processTicksAndRejections (node:internal/process/task_queues:104:5)[39m
[31m      at async query (F:\library-devops\backend\src\config\database.js:74:18)[39m
[31m      at async exports.login (F:\library-devops\backend\src\controllers\auth.controller.js:60:20) {[39m
[31m    code: 'ECONNREFUSED',[39m
[31m    [errors]: [ [Error], [Error] ][39m
[31m  },[39m
[31m  url: '/api/v1/auth/login',[39m
[31m  method: 'POST'[39m
[31m}[39m 
2026-05-30T05:00:00.693Z [[31merror[39m]: [31mRedis error:[39m {"code":"ECONNREFUSED","stack":"AggregateError [ECONNREFUSED]: \n    at internalConnectMultiple (node:net:1193:18)\n    at afterConnectMultiple (node:net:1783:7)"}
2026-05-30T05:00:02.666Z [[31merror[39m]: [31mRedis error:[39m {"code":"ECONNREFUSED","stack":"AggregateError [ECONNREFUSED]: \n    at internalConnectMultiple (node:net:1193:18)\n    at afterConnectMultiple (node:net:1783:7)"}
2026-05-30T05:00:04.683Z [[31merror[39m]: [31mRedis error:[39m {"code":"ECONNREFUSED","stack":"AggregateError [ECONNREFUSED]: \n    at internalConnectMultiple (node:net:1193:18)\n    at afterConnectMultiple (node:net:1783:7)"}
2026-05-30T05:00:06.690Z [[31merror[39m]: [31mRedis error:[39m {"code":"ECONNREFUSED","stack":"AggregateError [ECONNREFUSED]: \n    at internalConnectMultiple (node:net:1193:18)\n    at afterConnectMultiple (node:net:1783:7)"}
2026-05-30T05:00:08.732Z [[31merror[39m]: [31mRedis error:[39m {"code":"ECONNREFUSED","stack":"AggregateError [ECONNREFUSED]: \n    at internalConnectMultiple (node:net:1193:18)\n    at afterConnectMultiple (node:net:1783:7)"}
2026-05-30T05:00:10.755Z [[31merror[39m]: [31mRedis error:[39m {"code":"ECONNREFUSED","stack":"AggregateError [ECONNREFUSED]: \n    at internalConnectMultiple (node:net:1193:18)\n    at afterConnectMultiple (node:net:1783:7)"}
2026-05-30T05:00:12.784Z [[31merror[39m]: [31mRedis error:[39m {"code":"ECONNREFUSED","stack":"AggregateError [ECONNREFUSED]: \n    at internalConnectMultiple (node:net:1193:18)\n    at afterConnectMultiple (node:net:1783:7)"}
2026-05-30T05:00:14.800Z [[31merror[39m]: [31mRedis error:[39m {"code":"ECONNREFUSED","stack":"AggregateError [ECONNREFUSED]: \n    at internalConnectMultiple (node:net:1193:18)\n    at afterConnectMultiple (node:net:1783:7)"}
2026-05-30T05:00:16.816Z [[31merror[39m]: [31mRedis error:[39m {"code":"ECONNREFUSED","stack":"AggregateError [ECONNREFUSED]: \n    at internalConnectMultiple (node:net:1193:18)\n    at afterConnectMultiple (node:net:1783:7)"}
2026-05-30T05:29:05.269Z [[31merror[39m]: [31mRedis error: getaddrinfo ENOTFOUND redis[39m {"errno":-3008,"code":"ENOTFOUND","syscall":"getaddrinfo","hostname":"redis","stack":"Error: getaddrinfo ENOTFOUND redis\n    at GetAddrInfoReqWrap.onlookupall [as oncomplete] (node:dns:122:26)"}
2026-05-30T05:29:08.024Z [[31merror[39m]: [31mRedis error: getaddrinfo ENOTFOUND redis[39m {"errno":-3008,"code":"ENOTFOUND","syscall":"getaddrinfo","hostname":"redis","stack":"Error: getaddrinfo ENOTFOUND redis\n    at GetAddrInfoReqWrap.onlookupall [as oncomplete] (node:dns:122:26)"}
2026-05-30T05:29:10.823Z [[31merror[39m]: [31mRedis error: getaddrinfo ENOTFOUND redis[39m {"errno":-3008,"code":"ENOTFOUND","syscall":"getaddrinfo","hostname":"redis","stack":"Error: getaddrinfo ENOTFOUND redis\n    at GetAddrInfoReqWrap.onlookupall [as oncomplete] (node:dns:122:26)"}
2026-05-30T05:29:13.658Z [[31merror[39m]: [31mRedis error: getaddrinfo ENOTFOUND redis[39m {"errno":-3008,"code":"ENOTFOUND","syscall":"getaddrinfo","hostname":"redis","stack":"Error: getaddrinfo ENOTFOUND redis\n    at GetAddrInfoReqWrap.onlookupall [as oncomplete] (node:dns:122:26)"}
2026-05-30T05:29:16.571Z [[31merror[39m]: [31mRedis error: getaddrinfo ENOTFOUND redis[39m {"errno":-3008,"code":"ENOTFOUND","syscall":"getaddrinfo","hostname":"redis","stack":"Error: getaddrinfo ENOTFOUND redis\n    at GetAddrInfoReqWrap.onlookupall [as oncomplete] (node:dns:122:26)"}
2026-05-30T05:29:19.519Z [[31merror[39m]: [31mRedis error: getaddrinfo ENOTFOUND redis[39m {"errno":-3008,"code":"ENOTFOUND","syscall":"getaddrinfo","hostname":"redis","stack":"Error: getaddrinfo ENOTFOUND redis\n    at GetAddrInfoReqWrap.onlookupall [as oncomplete] (node:dns:122:26)"}
2026-05-30T05:29:22.521Z [[31merror[39m]: [31mRedis error: getaddrinfo ENOTFOUND redis[39m {"errno":-3008,"code":"ENOTFOUND","syscall":"getaddrinfo","hostname":"redis","stack":"Error: getaddrinfo ENOTFOUND redis\n    at GetAddrInfoReqWrap.onlookupall [as oncomplete] (node:dns:122:26)"}
2026-05-30T05:29:25.568Z [[31merror[39m]: [31mRedis error: getaddrinfo ENOTFOUND redis[39m {"errno":-3008,"code":"ENOTFOUND","syscall":"getaddrinfo","hostname":"redis","stack":"Error: getaddrinfo ENOTFOUND redis\n    at GetAddrInfoReqWrap.onlookupall [as oncomplete] (node:dns:122:26)"}
2026-05-30T05:47:35.374Z [[31merror[39m]: [31mFailed to start:[39m {"code":"ECONNREFUSED","stack":"AggregateError [ECONNREFUSED]: \n    at F:\\library-devops\\backend\\node_modules\\pg-pool\\index.js:45:11\n    at process.processTicksAndRejections (node:internal/process/task_queues:104:5)\n    at async connectDB (F:\\library-devops\\backend\\src\\config\\database.js:34:20)\n    at async start (F:\\library-devops\\backend\\src\\server.js:58:5)"}
2026-05-30T05:48:37.438Z [[31merror[39m]: [31mFailed to start:[39m {"code":"ECONNREFUSED","stack":"AggregateError [ECONNREFUSED]: \n    at F:\\library-devops\\backend\\node_modules\\pg-pool\\index.js:45:11\n    at process.processTicksAndRejections (node:internal/process/task_queues:104:5)\n    at async connectDB (F:\\library-devops\\backend\\src\\config\\database.js:34:20)\n    at async start (F:\\library-devops\\backend\\src\\server.js:58:5)"}
2026-05-30T05:48:53.176Z [[31merror[39m]: [31mFailed to start:[39m {"code":"ECONNREFUSED","stack":"AggregateError [ECONNREFUSED]: \n    at F:\\library-devops\\backend\\node_modules\\pg-pool\\index.js:45:11\n    at process.processTicksAndRejections (node:internal/process/task_queues:104:5)\n    at async connectDB (F:\\library-devops\\backend\\src\\config\\database.js:34:20)\n    at async start (F:\\library-devops\\backend\\src\\server.js:58:5)"}
2026-05-30T04:59:22.836Z [[31merror[39m]: [31mRedis error: read ECONNRESET[39m {"errno":-4077,"code":"ECONNRESET","syscall":"read","stack":"Error: read ECONNRESET\n    at TCP.onStreamRead (node:internal/stream_base_commons:216:20)"}
2026-05-30T05:54:37.312Z [[31merror[39m]: [31mRedis error:[39m {"code":"ECONNREFUSED","stack":"AggregateError [ECONNREFUSED]: \n    at internalConnectMultiple (node:net:1193:18)\n    at afterConnectMultiple (node:net:1783:7)"}
2026-05-30T05:54:37.417Z [[31merror[39m]: [31mRedis error:[39m {"code":"ECONNREFUSED","stack":"AggregateError [ECONNREFUSED]: \n    at internalConnectMultiple (node:net:1193:18)\n    at afterConnectMultiple (node:net:1783:7)"}
2026-05-30T05:54:37.999Z [[31merror[39m]: [31mFailed to start:[39m {"code":"ECONNREFUSED","stack":"AggregateError [ECONNREFUSED]: \n    at F:\\library-devops\\backend\\node_modules\\pg-pool\\index.js:45:11\n    at process.processTicksAndRejections (node:internal/process/task_queues:104:5)\n    at async connectDB (F:\\library-devops\\backend\\src\\config\\database.js:34:20)\n    at async start (F:\\library-devops\\backend\\src\\server.js:58:5)"}
2026-06-03T08:59:54.301Z [[31merror[39m]: [31mFailed to start: password authentication failed for user "postgres"[39m {"length":104,"name":"error","severity":"FATAL","code":"28P01","file":"auth.c","line":"334","routine":"auth_failed","stack":"error: password authentication failed for user \"postgres\"\n    at F:\\library-devops\\backend\\node_modules\\pg-pool\\index.js:45:11\n    at process.processTicksAndRejections (node:internal/process/task_queues:104:5)\n    at async connectDB (F:\\library-devops\\backend\\src\\config\\database.js:34:20)\n    at async start (F:\\library-devops\\backend\\src\\server.js:11:5)"}
2026-06-03T09:01:32.382Z [[31merror[39m]: [31mFailed to start: password authentication failed for user "postgres"[39m {"length":104,"name":"error","severity":"FATAL","code":"28P01","file":"auth.c","line":"334","routine":"auth_failed","stack":"error: password authentication failed for user \"postgres\"\n    at F:\\library-devops\\backend\\node_modules\\pg-pool\\index.js:45:11\n    at process.processTicksAndRejections (node:internal/process/task_queues:104:5)\n    at async connectDB (F:\\library-devops\\backend\\src\\config\\database.js:34:20)\n    at async start (F:\\library-devops\\backend\\src\\server.js:11:5)"}
2026-06-03T09:05:33.060Z [[31merror[39m]: [31mFailed to start: password authentication failed for user "postgres"[39m {"length":104,"name":"error","severity":"FATAL","code":"28P01","file":"auth.c","line":"334","routine":"auth_failed","stack":"error: password authentication failed for user \"postgres\"\n    at F:\\library-devops\\backend\\node_modules\\pg-pool\\index.js:45:11\n    at process.processTicksAndRejections (node:internal/process/task_queues:104:5)\n    at async connectDB (F:\\library-devops\\backend\\src\\config\\database.js:34:20)\n    at async start (F:\\library-devops\\backend\\src\\server.js:11:5)"}
2026-06-03T09:06:38.999Z [[31merror[39m]: [31mFailed to start: password authentication failed for user "postgres"[39m {"length":104,"name":"error","severity":"FATAL","code":"28P01","file":"auth.c","line":"334","routine":"auth_failed","stack":"error: password authentication failed for user \"postgres\"\n    at F:\\library-devops\\backend\\node_modules\\pg-pool\\index.js:45:11\n    at process.processTicksAndRejections (node:internal/process/task_queues:104:5)\n    at async connectDB (F:\\library-devops\\backend\\src\\config\\database.js:34:20)\n    at async start (F:\\library-devops\\backend\\src\\server.js:11:5)"}
2026-06-03T09:12:50.697Z [[31merror[39m]: [31mFailed to start: listen EADDRINUSE: address already in use :::5002[39m {"code":"EADDRINUSE","errno":-4091,"syscall":"listen","address":"::","port":5002,"stack":"Error: listen EADDRINUSE: address already in use :::5002\n    at Server.setupListenHandle [as _listen2] (node:net:2008:16)\n    at listenInCluster (node:net:2065:12)\n    at Server.listen (node:net:2170:7)\n    at app.listen (F:\\library-devops\\backend\\node_modules\\express\\lib\\application.js:635:24)\n    at F:\\library-devops\\backend\\src\\server.js:13:24\n    at new Promise (<anonymous>)\n    at listen (F:\\library-devops\\backend\\src\\server.js:12:10)\n    at start (F:\\library-devops\\backend\\src\\server.js:26:11)\n    at process.processTicksAndRejections (node:internal/process/task_queues:104:5)"}
2026-06-03T09:12:50.922Z [[31merror[39m]: [31mFailed to start: listen EADDRINUSE: address already in use :::5002[39m {"code":"EADDRINUSE","errno":-4091,"syscall":"listen","address":"::","port":5002,"stack":"Error: listen EADDRINUSE: address already in use :::5002\n    at Server.setupListenHandle [as _listen2] (node:net:2008:16)\n    at listenInCluster (node:net:2065:12)\n    at Server.listen (node:net:2170:7)\n    at app.listen (F:\\library-devops\\backend\\node_modules\\express\\lib\\application.js:635:24)\n    at F:\\library-devops\\backend\\src\\server.js:13:24\n    at new Promise (<anonymous>)\n    at listen (F:\\library-devops\\backend\\src\\server.js:12:10)\n    at start (F:\\library-devops\\backend\\src\\server.js:26:11)\n    at process.processTicksAndRejections (node:internal/process/task_queues:104:5)"}
2026-06-03T09:12:55.830Z [[31merror[39m]: [31mFailed to start: listen EADDRINUSE: address already in use :::5002[39m {"code":"EADDRINUSE","errno":-4091,"syscall":"listen","address":"::","port":5002,"stack":"Error: listen EADDRINUSE: address already in use :::5002\n    at Server.setupListenHandle [as _listen2] (node:net:2008:16)\n    at listenInCluster (node:net:2065:12)\n    at Server.listen (node:net:2170:7)\n    at app.listen (F:\\library-devops\\backend\\node_modules\\express\\lib\\application.js:635:24)\n    at F:\\library-devops\\backend\\src\\server.js:13:24\n    at new Promise (<anonymous>)\n    at listen (F:\\library-devops\\backend\\src\\server.js:12:10)\n    at start (F:\\library-devops\\backend\\src\\server.js:26:11)\n    at process.processTicksAndRejections (node:internal/process/task_queues:104:5)"}
2026-06-03T09:12:55.860Z [[31merror[39m]: [31mFailed to start: listen EADDRINUSE: address already in use :::5002[39m {"code":"EADDRINUSE","errno":-4091,"syscall":"listen","address":"::","port":5002,"stack":"Error: listen EADDRINUSE: address already in use :::5002\n    at Server.setupListenHandle [as _listen2] (node:net:2008:16)\n    at listenInCluster (node:net:2065:12)\n    at Server.listen (node:net:2170:7)\n    at app.listen (F:\\library-devops\\backend\\node_modules\\express\\lib\\application.js:635:24)\n    at F:\\library-devops\\backend\\src\\server.js:13:24\n    at new Promise (<anonymous>)\n    at listen (F:\\library-devops\\backend\\src\\server.js:12:10)\n    at start (F:\\library-devops\\backend\\src\\server.js:26:11)\n    at process.processTicksAndRejections (node:internal/process/task_queues:104:5)"}
2026-06-03T09:13:28.036Z [[31merror[39m]: [31mFailed to start: listen EADDRINUSE: address already in use :::5002[39m {"code":"EADDRINUSE","errno":-4091,"syscall":"listen","address":"::","port":5002,"stack":"Error: listen EADDRINUSE: address already in use :::5002\n    at Server.setupListenHandle [as _listen2] (node:net:2008:16)\n    at listenInCluster (node:net:2065:12)\n    at Server.listen (node:net:2170:7)\n    at app.listen (F:\\library-devops\\backend\\node_modules\\express\\lib\\application.js:635:24)\n    at F:\\library-devops\\backend\\src\\server.js:13:24\n    at new Promise (<anonymous>)\n    at listen (F:\\library-devops\\backend\\src\\server.js:12:10)\n    at start (F:\\library-devops\\backend\\src\\server.js:26:11)\n    at process.processTicksAndRejections (node:internal/process/task_queues:104:5)"}
2026-06-03T09:31:15.818Z [[31merror[39m]: [31mFailed to start: listen EADDRINUSE: address already in use :::5002[39m {"code":"EADDRINUSE","errno":-4091,"syscall":"listen","address":"::","port":5002,"stack":"Error: listen EADDRINUSE: address already in use :::5002\n    at Server.setupListenHandle [as _listen2] (node:net:2008:16)\n    at listenInCluster (node:net:2065:12)\n    at Server.listen (node:net:2170:7)\n    at app.listen (F:\\library-devops\\backend\\node_modules\\express\\lib\\application.js:635:24)\n    at F:\\library-devops\\backend\\src\\server.js:13:24\n    at new Promise (<anonymous>)\n    at listen (F:\\library-devops\\backend\\src\\server.js:12:10)\n    at start (F:\\library-devops\\backend\\src\\server.js:26:11)\n    at process.processTicksAndRejections (node:internal/process/task_queues:104:5)"}
2026-06-03T09:31:16.013Z [[31merror[39m]: [31mFailed to start: listen EADDRINUSE: address already in use :::5002[39m {"code":"EADDRINUSE","errno":-4091,"syscall":"listen","address":"::","port":5002,"stack":"Error: listen EADDRINUSE: address already in use :::5002\n    at Server.setupListenHandle [as _listen2] (node:net:2008:16)\n    at listenInCluster (node:net:2065:12)\n    at Server.listen (node:net:2170:7)\n    at app.listen (F:\\library-devops\\backend\\node_modules\\express\\lib\\application.js:635:24)\n    at F:\\library-devops\\backend\\src\\server.js:13:24\n    at new Promise (<anonymous>)\n    at listen (F:\\library-devops\\backend\\src\\server.js:12:10)\n    at start (F:\\library-devops\\backend\\src\\server.js:26:11)\n    at process.processTicksAndRejections (node:internal/process/task_queues:104:5)"}
2026-06-03T09:31:18.933Z [[31merror[39m]: [31mFailed to start: listen EADDRINUSE: address already in use :::5002[39m {"code":"EADDRINUSE","errno":-4091,"syscall":"listen","address":"::","port":5002,"stack":"Error: listen EADDRINUSE: address already in use :::5002\n    at Server.setupListenHandle [as _listen2] (node:net:2008:16)\n    at listenInCluster (node:net:2065:12)\n    at Server.listen (node:net:2170:7)\n    at app.listen (F:\\library-devops\\backend\\node_modules\\express\\lib\\application.js:635:24)\n    at F:\\library-devops\\backend\\src\\server.js:13:24\n    at new Promise (<anonymous>)\n    at listen (F:\\library-devops\\backend\\src\\server.js:12:10)\n    at start (F:\\library-devops\\backend\\src\\server.js:26:11)\n    at process.processTicksAndRejections (node:internal/process/task_queues:104:5)"}
2026-06-03T09:31:18.945Z [[31merror[39m]: [31mFailed to start: listen EADDRINUSE: address already in use :::5002[39m {"code":"EADDRINUSE","errno":-4091,"syscall":"listen","address":"::","port":5002,"stack":"Error: listen EADDRINUSE: address already in use :::5002\n    at Server.setupListenHandle [as _listen2] (node:net:2008:16)\n    at listenInCluster (node:net:2065:12)\n    at Server.listen (node:net:2170:7)\n    at app.listen (F:\\library-devops\\backend\\node_modules\\express\\lib\\application.js:635:24)\n    at F:\\library-devops\\backend\\src\\server.js:13:24\n    at new Promise (<anonymous>)\n    at listen (F:\\library-devops\\backend\\src\\server.js:12:10)\n    at start (F:\\library-devops\\backend\\src\\server.js:26:11)\n    at process.processTicksAndRejections (node:internal/process/task_queues:104:5)"}
2026-06-03T09:31:30.663Z [[31merror[39m]: [31mFailed to start: listen EADDRINUSE: address already in use :::5002[39m {"code":"EADDRINUSE","errno":-4091,"syscall":"listen","address":"::","port":5002,"stack":"Error: listen EADDRINUSE: address already in use :::5002\n    at Server.setupListenHandle [as _listen2] (node:net:2008:16)\n    at listenInCluster (node:net:2065:12)\n    at Server.listen (node:net:2170:7)\n    at app.listen (F:\\library-devops\\backend\\node_modules\\express\\lib\\application.js:635:24)\n    at F:\\library-devops\\backend\\src\\server.js:13:24\n    at new Promise (<anonymous>)\n    at listen (F:\\library-devops\\backend\\src\\server.js:12:10)\n    at start (F:\\library-devops\\backend\\src\\server.js:26:11)\n    at process.processTicksAndRejections (node:internal/process/task_queues:104:5)"}
2026-06-03T09:31:30.686Z [[31merror[39m]: [31mFailed to start: listen EADDRINUSE: address already in use :::5002[39m {"code":"EADDRINUSE","errno":-4091,"syscall":"listen","address":"::","port":5002,"stack":"Error: listen EADDRINUSE: address already in use :::5002\n    at Server.setupListenHandle [as _listen2] (node:net:2008:16)\n    at listenInCluster (node:net:2065:12)\n    at Server.listen (node:net:2170:7)\n    at app.listen (F:\\library-devops\\backend\\node_modules\\express\\lib\\application.js:635:24)\n    at F:\\library-devops\\backend\\src\\server.js:13:24\n    at new Promise (<anonymous>)\n    at listen (F:\\library-devops\\backend\\src\\server.js:12:10)\n    at start (F:\\library-devops\\backend\\src\\server.js:26:11)\n    at process.processTicksAndRejections (node:internal/process/task_queues:104:5)"}
2026-06-03T09:35:28.007Z [[31merror[39m]: [31mFailed to start: listen EADDRINUSE: address already in use :::5002[39m {"code":"EADDRINUSE","errno":-4091,"syscall":"listen","address":"::","port":5002,"stack":"Error: listen EADDRINUSE: address already in use :::5002\n    at Server.setupListenHandle [as _listen2] (node:net:2008:16)\n    at listenInCluster (node:net:2065:12)\n    at Server.listen (node:net:2170:7)\n    at app.listen (F:\\library-devops\\backend\\node_modules\\express\\lib\\application.js:635:24)\n    at F:\\library-devops\\backend\\src\\server.js:13:24\n    at new Promise (<anonymous>)\n    at listen (F:\\library-devops\\backend\\src\\server.js:12:10)\n    at start (F:\\library-devops\\backend\\src\\server.js:26:11)\n    at process.processTicksAndRejections (node:internal/process/task_queues:104:5)"}
2026-06-03T09:35:28.007Z [[31merror[39m]: [31mFailed to start: listen EADDRINUSE: address already in use :::5002[39m {"code":"EADDRINUSE","errno":-4091,"syscall":"listen","address":"::","port":5002,"stack":"Error: listen EADDRINUSE: address already in use :::5002\n    at Server.setupListenHandle [as _listen2] (node:net:2008:16)\n    at listenInCluster (node:net:2065:12)\n    at Server.listen (node:net:2170:7)\n    at app.listen (F:\\library-devops\\backend\\node_modules\\express\\lib\\application.js:635:24)\n    at F:\\library-devops\\backend\\src\\server.js:13:24\n    at new Promise (<anonymous>)\n    at listen (F:\\library-devops\\backend\\src\\server.js:12:10)\n    at start (F:\\library-devops\\backend\\src\\server.js:26:11)\n    at process.processTicksAndRejections (node:internal/process/task_queues:104:5)"}
2026-06-03T09:35:36.505Z [[31merror[39m]: [31mFailed to start: listen EADDRINUSE: address already in use :::5002[39m {"code":"EADDRINUSE","errno":-4091,"syscall":"listen","address":"::","port":5002,"stack":"Error: listen EADDRINUSE: address already in use :::5002\n    at Server.setupListenHandle [as _listen2] (node:net:2008:16)\n    at listenInCluster (node:net:2065:12)\n    at Server.listen (node:net:2170:7)\n    at app.listen (F:\\library-devops\\backend\\node_modules\\express\\lib\\application.js:635:24)\n    at F:\\library-devops\\backend\\src\\server.js:13:24\n    at new Promise (<anonymous>)\n    at listen (F:\\library-devops\\backend\\src\\server.js:12:10)\n    at start (F:\\library-devops\\backend\\src\\server.js:26:11)\n    at process.processTicksAndRejections (node:internal/process/task_queues:104:5)"}
2026-06-03T09:35:36.505Z [[31merror[39m]: [31mFailed to start: listen EADDRINUSE: address already in use :::5002[39m {"code":"EADDRINUSE","errno":-4091,"syscall":"listen","address":"::","port":5002,"stack":"Error: listen EADDRINUSE: address already in use :::5002\n    at Server.setupListenHandle [as _listen2] (node:net:2008:16)\n    at listenInCluster (node:net:2065:12)\n    at Server.listen (node:net:2170:7)\n    at app.listen (F:\\library-devops\\backend\\node_modules\\express\\lib\\application.js:635:24)\n    at F:\\library-devops\\backend\\src\\server.js:13:24\n    at new Promise (<anonymous>)\n    at listen (F:\\library-devops\\backend\\src\\server.js:12:10)\n    at start (F:\\library-devops\\backend\\src\\server.js:26:11)\n    at process.processTicksAndRejections (node:internal/process/task_queues:104:5)"}
2026-06-03T09:35:41.989Z [[31merror[39m]: [31mFailed to start: listen EADDRINUSE: address already in use :::5002[39m {"code":"EADDRINUSE","errno":-4091,"syscall":"listen","address":"::","port":5002,"stack":"Error: listen EADDRINUSE: address already in use :::5002\n    at Server.setupListenHandle [as _listen2] (node:net:2008:16)\n    at listenInCluster (node:net:2065:12)\n    at Server.listen (node:net:2170:7)\n    at app.listen (F:\\library-devops\\backend\\node_modules\\express\\lib\\application.js:635:24)\n    at F:\\library-devops\\backend\\src\\server.js:13:24\n    at new Promise (<anonymous>)\n    at listen (F:\\library-devops\\backend\\src\\server.js:12:10)\n    at start (F:\\library-devops\\backend\\src\\server.js:26:11)\n    at process.processTicksAndRejections (node:internal/process/task_queues:104:5)"}
2026-06-03T09:35:42.021Z [[31merror[39m]: [31mFailed to start: listen EADDRINUSE: address already in use :::5002[39m {"code":"EADDRINUSE","errno":-4091,"syscall":"listen","address":"::","port":5002,"stack":"Error: listen EADDRINUSE: address already in use :::5002\n    at Server.setupListenHandle [as _listen2] (node:net:2008:16)\n    at listenInCluster (node:net:2065:12)\n    at Server.listen (node:net:2170:7)\n    at app.listen (F:\\library-devops\\backend\\node_modules\\express\\lib\\application.js:635:24)\n    at F:\\library-devops\\backend\\src\\server.js:13:24\n    at new Promise (<anonymous>)\n    at listen (F:\\library-devops\\backend\\src\\server.js:12:10)\n    at start (F:\\library-devops\\backend\\src\\server.js:26:11)\n    at process.processTicksAndRejections (node:internal/process/task_queues:104:5)"}
2026-06-03T09:35:59.660Z [[31merror[39m]: [31mFailed to start: listen EADDRINUSE: address already in use :::5002[39m {"code":"EADDRINUSE","errno":-4091,"syscall":"listen","address":"::","port":5002,"stack":"Error: listen EADDRINUSE: address already in use :::5002\n    at Server.setupListenHandle [as _listen2] (node:net:2008:16)\n    at listenInCluster (node:net:2065:12)\n    at Server.listen (node:net:2170:7)\n    at app.listen (F:\\library-devops\\backend\\node_modules\\express\\lib\\application.js:635:24)\n    at F:\\library-devops\\backend\\src\\server.js:13:24\n    at new Promise (<anonymous>)\n    at listen (F:\\library-devops\\backend\\src\\server.js:12:10)\n    at start (F:\\library-devops\\backend\\src\\server.js:26:11)\n    at process.processTicksAndRejections (node:internal/process/task_queues:104:5)"}
2026-06-03T09:35:59.681Z [[31merror[39m]: [31mFailed to start: listen EADDRINUSE: address already in use :::5002[39m {"code":"EADDRINUSE","errno":-4091,"syscall":"listen","address":"::","port":5002,"stack":"Error: listen EADDRINUSE: address already in use :::5002\n    at Server.setupListenHandle [as _listen2] (node:net:2008:16)\n    at listenInCluster (node:net:2065:12)\n    at Server.listen (node:net:2170:7)\n    at app.listen (F:\\library-devops\\backend\\node_modules\\express\\lib\\application.js:635:24)\n    at F:\\library-devops\\backend\\src\\server.js:13:24\n    at new Promise (<anonymous>)\n    at listen (F:\\library-devops\\backend\\src\\server.js:12:10)\n    at start (F:\\library-devops\\backend\\src\\server.js:26:11)\n    at process.processTicksAndRejections (node:internal/process/task_queues:104:5)"}
2026-06-03T09:39:11.245Z [[31merror[39m]: [31mFailed to start: listen EADDRINUSE: address already in use :::5002[39m {"code":"EADDRINUSE","errno":-4091,"syscall":"listen","address":"::","port":5002,"stack":"Error: listen EADDRINUSE: address already in use :::5002\n    at Server.setupListenHandle [as _listen2] (node:net:2008:16)\n    at listenInCluster (node:net:2065:12)\n    at Server.listen (node:net:2170:7)\n    at app.listen (F:\\library-devops\\backend\\node_modules\\express\\lib\\application.js:635:24)\n    at F:\\library-devops\\backend\\src\\server.js:13:24\n    at new Promise (<anonymous>)\n    at listen (F:\\library-devops\\backend\\src\\server.js:12:10)\n    at start (F:\\library-devops\\backend\\src\\server.js:26:11)\n    at process.processTicksAndRejections (node:internal/process/task_queues:104:5)"}
2026-06-03T09:39:11.243Z [[31merror[39m]: [31mFailed to start: listen EADDRINUSE: address already in use :::5002[39m {"code":"EADDRINUSE","errno":-4091,"syscall":"listen","address":"::","port":5002,"stack":"Error: listen EADDRINUSE: address already in use :::5002\n    at Server.setupListenHandle [as _listen2] (node:net:2008:16)\n    at listenInCluster (node:net:2065:12)\n    at Server.listen (node:net:2170:7)\n    at app.listen (F:\\library-devops\\backend\\node_modules\\express\\lib\\application.js:635:24)\n    at F:\\library-devops\\backend\\src\\server.js:13:24\n    at new Promise (<anonymous>)\n    at listen (F:\\library-devops\\backend\\src\\server.js:12:10)\n    at start (F:\\library-devops\\backend\\src\\server.js:26:11)\n    at process.processTicksAndRejections (node:internal/process/task_queues:104:5)"}
2026-06-03T09:39:14.234Z [[31merror[39m]: [31mFailed to start: listen EADDRINUSE: address already in use :::5002[39m {"code":"EADDRINUSE","errno":-4091,"syscall":"listen","address":"::","port":5002,"stack":"Error: listen EADDRINUSE: address already in use :::5002\n    at Server.setupListenHandle [as _listen2] (node:net:2008:16)\n    at listenInCluster (node:net:2065:12)\n    at Server.listen (node:net:2170:7)\n    at app.listen (F:\\library-devops\\backend\\node_modules\\express\\lib\\application.js:635:24)\n    at F:\\library-devops\\backend\\src\\server.js:13:24\n    at new Promise (<anonymous>)\n    at listen (F:\\library-devops\\backend\\src\\server.js:12:10)\n    at start (F:\\library-devops\\backend\\src\\server.js:26:11)\n    at process.processTicksAndRejections (node:internal/process/task_queues:104:5)"}
2026-06-03T09:39:14.234Z [[31merror[39m]: [31mFailed to start: listen EADDRINUSE: address already in use :::5002[39m {"code":"EADDRINUSE","errno":-4091,"syscall":"listen","address":"::","port":5002,"stack":"Error: listen EADDRINUSE: address already in use :::5002\n    at Server.setupListenHandle [as _listen2] (node:net:2008:16)\n    at listenInCluster (node:net:2065:12)\n    at Server.listen (node:net:2170:7)\n    at app.listen (F:\\library-devops\\backend\\node_modules\\express\\lib\\application.js:635:24)\n    at F:\\library-devops\\backend\\src\\server.js:13:24\n    at new Promise (<anonymous>)\n    at listen (F:\\library-devops\\backend\\src\\server.js:12:10)\n    at start (F:\\library-devops\\backend\\src\\server.js:26:11)\n    at process.processTicksAndRejections (node:internal/process/task_queues:104:5)"}
2026-06-03T09:46:39.466Z [[31merror[39m]: [31mFailed to start: listen EADDRINUSE: address already in use :::5002[39m {"code":"EADDRINUSE","errno":-4091,"syscall":"listen","address":"::","port":5002,"stack":"Error: listen EADDRINUSE: address already in use :::5002\n    at Server.setupListenHandle [as _listen2] (node:net:2008:16)\n    at listenInCluster (node:net:2065:12)\n    at Server.listen (node:net:2170:7)\n    at app.listen (F:\\library-devops\\backend\\node_modules\\express\\lib\\application.js:635:24)\n    at F:\\library-devops\\backend\\src\\server.js:13:24\n    at new Promise (<anonymous>)\n    at listen (F:\\library-devops\\backend\\src\\server.js:12:10)\n    at start (F:\\library-devops\\backend\\src\\server.js:26:11)\n    at process.processTicksAndRejections (node:internal/process/task_queues:104:5)"}
2026-06-03T09:46:39.467Z [[31merror[39m]: [31mFailed to start: listen EADDRINUSE: address already in use :::5002[39m {"code":"EADDRINUSE","errno":-4091,"syscall":"listen","address":"::","port":5002,"stack":"Error: listen EADDRINUSE: address already in use :::5002\n    at Server.setupListenHandle [as _listen2] (node:net:2008:16)\n    at listenInCluster (node:net:2065:12)\n    at Server.listen (node:net:2170:7)\n    at app.listen (F:\\library-devops\\backend\\node_modules\\express\\lib\\application.js:635:24)\n    at F:\\library-devops\\backend\\src\\server.js:13:24\n    at new Promise (<anonymous>)\n    at listen (F:\\library-devops\\backend\\src\\server.js:12:10)\n    at start (F:\\library-devops\\backend\\src\\server.js:26:11)\n    at process.processTicksAndRejections (node:internal/process/task_queues:104:5)"}
2026-06-03T09:46:47.043Z [[31merror[39m]: [31mFailed to start: listen EADDRINUSE: address already in use :::5002[39m {"code":"EADDRINUSE","errno":-4091,"syscall":"listen","address":"::","port":5002,"stack":"Error: listen EADDRINUSE: address already in use :::5002\n    at Server.setupListenHandle [as _listen2] (node:net:2008:16)\n    at listenInCluster (node:net:2065:12)\n    at Server.listen (node:net:2170:7)\n    at app.listen (F:\\library-devops\\backend\\node_modules\\express\\lib\\application.js:635:24)\n    at F:\\library-devops\\backend\\src\\server.js:13:24\n    at new Promise (<anonymous>)\n    at listen (F:\\library-devops\\backend\\src\\server.js:12:10)\n    at start (F:\\library-devops\\backend\\src\\server.js:26:11)\n    at process.processTicksAndRejections (node:internal/process/task_queues:104:5)"}
2026-06-03T09:46:47.045Z [[31merror[39m]: [31mFailed to start: listen EADDRINUSE: address already in use :::5002[39m {"code":"EADDRINUSE","errno":-4091,"syscall":"listen","address":"::","port":5002,"stack":"Error: listen EADDRINUSE: address already in use :::5002\n    at Server.setupListenHandle [as _listen2] (node:net:2008:16)\n    at listenInCluster (node:net:2065:12)\n    at Server.listen (node:net:2170:7)\n    at app.listen (F:\\library-devops\\backend\\node_modules\\express\\lib\\application.js:635:24)\n    at F:\\library-devops\\backend\\src\\server.js:13:24\n    at new Promise (<anonymous>)\n    at listen (F:\\library-devops\\backend\\src\\server.js:12:10)\n    at start (F:\\library-devops\\backend\\src\\server.js:26:11)\n    at process.processTicksAndRejections (node:internal/process/task_queues:104:5)"}
2026-06-03T09:46:52.481Z [[31merror[39m]: [31mFailed to start: listen EADDRINUSE: address already in use :::5002[39m {"code":"EADDRINUSE","errno":-4091,"syscall":"listen","address":"::","port":5002,"stack":"Error: listen EADDRINUSE: address already in use :::5002\n    at Server.setupListenHandle [as _listen2] (node:net:2008:16)\n    at listenInCluster (node:net:2065:12)\n    at Server.listen (node:net:2170:7)\n    at app.listen (F:\\library-devops\\backend\\node_modules\\express\\lib\\application.js:635:24)\n    at F:\\library-devops\\backend\\src\\server.js:13:24\n    at new Promise (<anonymous>)\n    at listen (F:\\library-devops\\backend\\src\\server.js:12:10)\n    at start (F:\\library-devops\\backend\\src\\server.js:26:11)\n    at process.processTicksAndRejections (node:internal/process/task_queues:104:5)"}
2026-06-03T09:46:52.479Z [[31merror[39m]: [31mFailed to start: listen EADDRINUSE: address already in use :::5002[39m {"code":"EADDRINUSE","errno":-4091,"syscall":"listen","address":"::","port":5002,"stack":"Error: listen EADDRINUSE: address already in use :::5002\n    at Server.setupListenHandle [as _listen2] (node:net:2008:16)\n    at listenInCluster (node:net:2065:12)\n    at Server.listen (node:net:2170:7)\n    at app.listen (F:\\library-devops\\backend\\node_modules\\express\\lib\\application.js:635:24)\n    at F:\\library-devops\\backend\\src\\server.js:13:24\n    at new Promise (<anonymous>)\n    at listen (F:\\library-devops\\backend\\src\\server.js:12:10)\n    at start (F:\\library-devops\\backend\\src\\server.js:26:11)\n    at process.processTicksAndRejections (node:internal/process/task_queues:104:5)"}
2026-06-03T09:46:58.400Z [[31merror[39m]: [31mFailed to start: listen EADDRINUSE: address already in use :::5002[39m {"code":"EADDRINUSE","errno":-4091,"syscall":"listen","address":"::","port":5002,"stack":"Error: listen EADDRINUSE: address already in use :::5002\n    at Server.setupListenHandle [as _listen2] (node:net:2008:16)\n    at listenInCluster (node:net:2065:12)\n    at Server.listen (node:net:2170:7)\n    at app.listen (F:\\library-devops\\backend\\node_modules\\express\\lib\\application.js:635:24)\n    at F:\\library-devops\\backend\\src\\server.js:13:24\n    at new Promise (<anonymous>)\n    at listen (F:\\library-devops\\backend\\src\\server.js:12:10)\n    at start (F:\\library-devops\\backend\\src\\server.js:26:11)\n    at process.processTicksAndRejections (node:internal/process/task_queues:104:5)"}
2026-06-03T09:46:58.398Z [[31merror[39m]: [31mFailed to start: listen EADDRINUSE: address already in use :::5002[39m {"code":"EADDRINUSE","errno":-4091,"syscall":"listen","address":"::","port":5002,"stack":"Error: listen EADDRINUSE: address already in use :::5002\n    at Server.setupListenHandle [as _listen2] (node:net:2008:16)\n    at listenInCluster (node:net:2065:12)\n    at Server.listen (node:net:2170:7)\n    at app.listen (F:\\library-devops\\backend\\node_modules\\express\\lib\\application.js:635:24)\n    at F:\\library-devops\\backend\\src\\server.js:13:24\n    at new Promise (<anonymous>)\n    at listen (F:\\library-devops\\backend\\src\\server.js:12:10)\n    at start (F:\\library-devops\\backend\\src\\server.js:26:11)\n    at process.processTicksAndRejections (node:internal/process/task_queues:104:5)"}
2026-06-03T09:47:52.950Z [[31merror[39m]: [31mFailed to start: listen EADDRINUSE: address already in use :::5002[39m {"code":"EADDRINUSE","errno":-4091,"syscall":"listen","address":"::","port":5002,"stack":"Error: listen EADDRINUSE: address already in use :::5002\n    at Server.setupListenHandle [as _listen2] (node:net:2008:16)\n    at listenInCluster (node:net:2065:12)\n    at Server.listen (node:net:2170:7)\n    at app.listen (F:\\library-devops\\backend\\node_modules\\express\\lib\\application.js:635:24)\n    at F:\\library-devops\\backend\\src\\server.js:13:24\n    at new Promise (<anonymous>)\n    at listen (F:\\library-devops\\backend\\src\\server.js:12:10)\n    at start (F:\\library-devops\\backend\\src\\server.js:26:11)\n    at process.processTicksAndRejections (node:internal/process/task_queues:104:5)"}
2026-06-03T09:47:52.971Z [[31merror[39m]: [31mFailed to start: listen EADDRINUSE: address already in use :::5002[39m {"code":"EADDRINUSE","errno":-4091,"syscall":"listen","address":"::","port":5002,"stack":"Error: listen EADDRINUSE: address already in use :::5002\n    at Server.setupListenHandle [as _listen2] (node:net:2008:16)\n    at listenInCluster (node:net:2065:12)\n    at Server.listen (node:net:2170:7)\n    at app.listen (F:\\library-devops\\backend\\node_modules\\express\\lib\\application.js:635:24)\n    at F:\\library-devops\\backend\\src\\server.js:13:24\n    at new Promise (<anonymous>)\n    at listen (F:\\library-devops\\backend\\src\\server.js:12:10)\n    at start (F:\\library-devops\\backend\\src\\server.js:26:11)\n    at process.processTicksAndRejections (node:internal/process/task_queues:104:5)"}
2026-06-03T09:47:55.376Z [[31merror[39m]: [31mFailed to start: listen EADDRINUSE: address already in use :::5002[39m {"code":"EADDRINUSE","errno":-4091,"syscall":"listen","address":"::","port":5002,"stack":"Error: listen EADDRINUSE: address already in use :::5002\n    at Server.setupListenHandle [as _listen2] (node:net:2008:16)\n    at listenInCluster (node:net:2065:12)\n    at Server.listen (node:net:2170:7)\n    at app.listen (F:\\library-devops\\backend\\node_modules\\express\\lib\\application.js:635:24)\n    at F:\\library-devops\\backend\\src\\server.js:13:24\n    at new Promise (<anonymous>)\n    at listen (F:\\library-devops\\backend\\src\\server.js:12:10)\n    at start (F:\\library-devops\\backend\\src\\server.js:26:11)\n    at process.processTicksAndRejections (node:internal/process/task_queues:104:5)"}
2026-06-03T09:47:55.381Z [[31merror[39m]: [31mFailed to start: listen EADDRINUSE: address already in use :::5002[39m {"code":"EADDRINUSE","errno":-4091,"syscall":"listen","address":"::","port":5002,"stack":"Error: listen EADDRINUSE: address already in use :::5002\n    at Server.setupListenHandle [as _listen2] (node:net:2008:16)\n    at listenInCluster (node:net:2065:12)\n    at Server.listen (node:net:2170:7)\n    at app.listen (F:\\library-devops\\backend\\node_modules\\express\\lib\\application.js:635:24)\n    at F:\\library-devops\\backend\\src\\server.js:13:24\n    at new Promise (<anonymous>)\n    at listen (F:\\library-devops\\backend\\src\\server.js:12:10)\n    at start (F:\\library-devops\\backend\\src\\server.js:26:11)\n    at process.processTicksAndRejections (node:internal/process/task_queues:104:5)"}
2026-06-03T10:14:43.018Z [[31merror[39m]: [31mFailed to start: listen EADDRINUSE: address already in use :::5002[39m {"code":"EADDRINUSE","errno":-4091,"syscall":"listen","address":"::","port":5002,"stack":"Error: listen EADDRINUSE: address already in use :::5002\n    at Server.setupListenHandle [as _listen2] (node:net:2008:16)\n    at listenInCluster (node:net:2065:12)\n    at Server.listen (node:net:2170:7)\n    at app.listen (F:\\library-devops\\backend\\node_modules\\express\\lib\\application.js:635:24)\n    at F:\\library-devops\\backend\\src\\server.js:13:24\n    at new Promise (<anonymous>)\n    at listen (F:\\library-devops\\backend\\src\\server.js:12:10)\n    at start (F:\\library-devops\\backend\\src\\server.js:26:11)\n    at process.processTicksAndRejections (node:internal/process/task_queues:104:5)"}
2026-06-03T10:15:24.083Z [[31merror[39m]: [31mFailed to start: listen EADDRINUSE: address already in use :::5002[39m {"code":"EADDRINUSE","errno":-4091,"syscall":"listen","address":"::","port":5002,"stack":"Error: listen EADDRINUSE: address already in use :::5002\n    at Server.setupListenHandle [as _listen2] (node:net:2008:16)\n    at listenInCluster (node:net:2065:12)\n    at Server.listen (node:net:2170:7)\n    at app.listen (F:\\library-devops\\backend\\node_modules\\express\\lib\\application.js:635:24)\n    at F:\\library-devops\\backend\\src\\server.js:13:24\n    at new Promise (<anonymous>)\n    at listen (F:\\library-devops\\backend\\src\\server.js:12:10)\n    at start (F:\\library-devops\\backend\\src\\server.js:26:11)\n    at process.processTicksAndRejections (node:internal/process/task_queues:104:5)"}
2026-06-03T10:15:54.117Z [[31merror[39m]: [31mFailed to start: listen EADDRINUSE: address already in use :::5002[39m {"code":"EADDRINUSE","errno":-4091,"syscall":"listen","address":"::","port":5002,"stack":"Error: listen EADDRINUSE: address already in use :::5002\n    at Server.setupListenHandle [as _listen2] (node:net:2008:16)\n    at listenInCluster (node:net:2065:12)\n    at Server.listen (node:net:2170:7)\n    at app.listen (F:\\library-devops\\backend\\node_modules\\express\\lib\\application.js:635:24)\n    at F:\\library-devops\\backend\\src\\server.js:13:24\n    at new Promise (<anonymous>)\n    at listen (F:\\library-devops\\backend\\src\\server.js:12:10)\n    at start (F:\\library-devops\\backend\\src\\server.js:26:11)\n    at process.processTicksAndRejections (node:internal/process/task_queues:104:5)"}
2026-06-03T11:02:47.815Z [[31merror[39m]: [31m{[39m
[31m  err: Error: CORS origin denied: http://localhost:3002[39m
[31m      at originChecker (F:\library-devops\backend\src\app.js:53:19)[39m
[31m      at F:\library-devops\backend\node_modules\cors\lib\index.js:219:13[39m
[31m      at optionsCallback (F:\library-devops\backend\node_modules\cors\lib\index.js:199:9)[39m
[31m      at corsMiddleware (F:\library-devops\backend\node_modules\cors\lib\index.js:204:7)[39m
[31m      at newFn (F:\library-devops\backend\node_modules\express-async-errors\index.js:16:20)[39m
[31m      at Layer.handle [as handle_request] (F:\library-devops\backend\node_modules\express\lib\router\layer.js:95:5)[39m
[31m      at trim_prefix (F:\library-devops\backend\node_modules\express\lib\router\index.js:328:13)[39m
[31m      at F:\library-devops\backend\node_modules\express\lib\router\index.js:286:9[39m
[31m      at router.process_params (F:\library-devops\backend\node_modules\express\lib\router\index.js:346:12)[39m
[31m      at next (F:\library-devops\backend\node_modules\express\lib\router\index.js:280:10)[39m
[31m      at internalNext (F:\library-devops\backend\node_modules\helmet\index.cjs:537:6)[39m
[31m      at xXssProtectionMiddleware (F:\library-devops\backend\node_modules\helmet\index.cjs:315:3)[39m
[31m      at internalNext (F:\library-devops\backend\node_modules\helmet\index.cjs:535:6)[39m
[31m      at xPoweredByMiddleware (F:\library-devops\backend\node_modules\helmet\index.cjs:308:3)[39m
[31m      at internalNext (F:\library-devops\backend\node_modules\helmet\index.cjs:535:6)[39m
[31m      at xPermittedCrossDomainPoliciesMiddleware (F:\library-devops\backend\node_modules\helmet\index.cjs:301:3),[39m
[31m  url: '/api/v1/auth/login',[39m
[31m  method: 'OPTIONS'[39m
[31m}[39m 
2026-06-03T11:02:51.586Z [[31merror[39m]: [31m{[39m
[31m  err: Error: CORS origin denied: http://localhost:3002[39m
[31m      at originChecker (F:\library-devops\backend\src\app.js:53:19)[39m
[31m      at F:\library-devops\backend\node_modules\cors\lib\index.js:219:13[39m
[31m      at optionsCallback (F:\library-devops\backend\node_modules\cors\lib\index.js:199:9)[39m
[31m      at corsMiddleware (F:\library-devops\backend\node_modules\cors\lib\index.js:204:7)[39m
[31m      at newFn (F:\library-devops\backend\node_modules\express-async-errors\index.js:16:20)[39m
[31m      at Layer.handle [as handle_request] (F:\library-devops\backend\node_modules\express\lib\router\layer.js:95:5)[39m
[31m      at trim_prefix (F:\library-devops\backend\node_modules\express\lib\router\index.js:328:13)[39m
[31m      at F:\library-devops\backend\node_modules\express\lib\router\index.js:286:9[39m
[31m      at router.process_params (F:\library-devops\backend\node_modules\express\lib\router\index.js:346:12)[39m
[31m      at next (F:\library-devops\backend\node_modules\express\lib\router\index.js:280:10)[39m
[31m      at internalNext (F:\library-devops\backend\node_modules\helmet\index.cjs:537:6)[39m
[31m      at xXssProtectionMiddleware (F:\library-devops\backend\node_modules\helmet\index.cjs:315:3)[39m
[31m      at internalNext (F:\library-devops\backend\node_modules\helmet\index.cjs:535:6)[39m
[31m      at xPoweredByMiddleware (F:\library-devops\backend\node_modules\helmet\index.cjs:308:3)[39m
[31m      at internalNext (F:\library-devops\backend\node_modules\helmet\index.cjs:535:6)[39m
[31m      at xPermittedCrossDomainPoliciesMiddleware (F:\library-devops\backend\node_modules\helmet\index.cjs:301:3),[39m
[31m  url: '/api/v1/auth/login',[39m
[31m  method: 'OPTIONS'[39m
[31m}[39m 
2026-06-03T11:06:59.221Z [[31merror[39m]: [31m{[39m
[31m  err: Error: CORS origin denied: http://localhost:3002[39m
[31m      at originChecker (F:\library-devops\backend\src\app.js:53:19)[39m
[31m      at F:\library-devops\backend\node_modules\cors\lib\index.js:219:13[39m
[31m      at optionsCallback (F:\library-devops\backend\node_modules\cors\lib\index.js:199:9)[39m
[31m      at corsMiddleware (F:\library-devops\backend\node_modules\cors\lib\index.js:204:7)[39m
[31m      at newFn (F:\library-devops\backend\node_modules\express-async-errors\index.js:16:20)[39m
[31m      at Layer.handle [as handle_request] (F:\library-devops\backend\node_modules\express\lib\router\layer.js:95:5)[39m
[31m      at trim_prefix (F:\library-devops\backend\node_modules\express\lib\router\index.js:328:13)[39m
[31m      at F:\library-devops\backend\node_modules\express\lib\router\index.js:286:9[39m
[31m      at router.process_params (F:\library-devops\backend\node_modules\express\lib\router\index.js:346:12)[39m
[31m      at next (F:\library-devops\backend\node_modules\express\lib\router\index.js:280:10)[39m
[31m      at internalNext (F:\library-devops\backend\node_modules\helmet\index.cjs:537:6)[39m
[31m      at xXssProtectionMiddleware (F:\library-devops\backend\node_modules\helmet\index.cjs:315:3)[39m
[31m      at internalNext (F:\library-devops\backend\node_modules\helmet\index.cjs:535:6)[39m
[31m      at xPoweredByMiddleware (F:\library-devops\backend\node_modules\helmet\index.cjs:308:3)[39m
[31m      at internalNext (F:\library-devops\backend\node_modules\helmet\index.cjs:535:6)[39m
[31m      at xPermittedCrossDomainPoliciesMiddleware (F:\library-devops\backend\node_modules\helmet\index.cjs:301:3),[39m
[31m  url: '/api/v1/auth/login',[39m
[31m  method: 'POST'[39m
[31m}[39m 
2026-06-03T11:07:07.608Z [[31merror[39m]: [31m{[39m
[31m  err: Error: CORS origin denied: http://localhost:3002[39m
[31m      at originChecker (F:\library-devops\backend\src\app.js:53:19)[39m
[31m      at F:\library-devops\backend\node_modules\cors\lib\index.js:219:13[39m
[31m      at optionsCallback (F:\library-devops\backend\node_modules\cors\lib\index.js:199:9)[39m
[31m      at corsMiddleware (F:\library-devops\backend\node_modules\cors\lib\index.js:204:7)[39m
[31m      at newFn (F:\library-devops\backend\node_modules\express-async-errors\index.js:16:20)[39m
[31m      at Layer.handle [as handle_request] (F:\library-devops\backend\node_modules\express\lib\router\layer.js:95:5)[39m
[31m      at trim_prefix (F:\library-devops\backend\node_modules\express\lib\router\index.js:328:13)[39m
[31m      at F:\library-devops\backend\node_modules\express\lib\router\index.js:286:9[39m
[31m      at router.process_params (F:\library-devops\backend\node_modules\express\lib\router\index.js:346:12)[39m
[31m      at next (F:\library-devops\backend\node_modules\express\lib\router\index.js:280:10)[39m
[31m      at internalNext (F:\library-devops\backend\node_modules\helmet\index.cjs:537:6)[39m
[31m      at xXssProtectionMiddleware (F:\library-devops\backend\node_modules\helmet\index.cjs:315:3)[39m
[31m      at internalNext (F:\library-devops\backend\node_modules\helmet\index.cjs:535:6)[39m
[31m      at xPoweredByMiddleware (F:\library-devops\backend\node_modules\helmet\index.cjs:308:3)[39m
[31m      at internalNext (F:\library-devops\backend\node_modules\helmet\index.cjs:535:6)[39m
[31m      at xPermittedCrossDomainPoliciesMiddleware (F:\library-devops\backend\node_modules\helmet\index.cjs:301:3),[39m
[31m  url: '/api/v1/auth/login',[39m
[31m  method: 'POST'[39m
[31m}[39m 
2026-06-03T11:32:26.911Z [[31merror[39m]: [31m{[39m
[31m  err: error: column "default_loan_days" of relation "books" does not exist[39m
[31m      at F:\library-devops\backend\node_modules\pg-pool\index.js:45:11[39m
[31m      at process.processTicksAndRejections (node:internal/process/task_queues:104:5)[39m
[31m      at async query (F:\library-devops\backend\src\config\database.js:74:18)[39m
[31m      at async exports.updateBook (F:\library-devops\backend\src\controllers\book.controller.js:209:20) {[39m
[31m    length: 138,[39m
[31m    severity: 'ERROR',[39m
[31m    code: '42703',[39m
[31m    detail: undefined,[39m
[31m    hint: undefined,[39m
[31m    position: '192',[39m
[31m    internalPosition: undefined,[39m
[31m    internalQuery: undefined,[39m
[31m    where: undefined,[39m
[31m    schema: undefined,[39m
[31m    table: undefined,[39m
[31m    column: undefined,[39m
[31m    dataType: undefined,[39m
[31m    constraint: undefined,[39m
[31m    file: 'analyze.c',[39m
[31m    line: '2515',[39m
[31m    routine: 'transformUpdateTargetList'[39m
[31m  },[39m
[31m  url: '/api/v1/books/3d4ac256-73b0-4b93-bd46-a2e142764ceb',[39m
[31m  method: 'PUT'[39m
[31m}[39m 
2026-06-04T09:51:34.334Z [[31merror[39m]: [31mMigration process exited with error: password authentication failed for user "postgres"[39m {"length":104,"name":"error","severity":"FATAL","code":"28P01","file":"auth.c","line":"334","routine":"auth_failed","stack":"error: password authentication failed for user \"postgres\"\n    at F:\\Backup\\library-devops_7_4_26\\library-devops\\backend\\node_modules\\pg-pool\\index.js:45:11\n    at process.processTicksAndRejections (node:internal/process/task_queues:104:5)\n    at async testConnection (F:\\Backup\\library-devops_7_4_26\\library-devops\\backend\\src\\utils\\migrate.js:29:18)\n    at async getMigrationPool (F:\\Backup\\library-devops_7_4_26\\library-devops\\backend\\src\\utils\\migrate.js:70:7)\n    at async runMigrations (F:\\Backup\\library-devops_7_4_26\\library-devops\\backend\\src\\utils\\migrate.js:152:16)"}
